<?xml version="1.0" encoding="UTF-8"?>
<coverage generated="1544216029094" clover="3.2.0">
  <project timestamp="1544216029094" name="All files">
    <metrics statements="104" coveredstatements="69" conditionals="29" coveredconditionals="12" methods="37" coveredmethods="22" elements="170" coveredelements="103" complexity="0" loc="104" ncloc="104" packages="3" files="7" classes="7">
      <package name="base">
        <metrics statements="82" coveredstatements="54" conditionals="21" coveredconditionals="10" methods="33" coveredmethods="19"/>
        <file name="Circuit.ts" path="/Users/e070910/Documents/aristotle/packages/logic-circuit/src/base/Circuit.ts">
          <metrics statements="47" coveredstatements="37" conditionals="17" coveredconditionals="10" methods="16" coveredmethods="13"/>
          <line num="2" count="1" type="stmt"/>
          <line num="3" count="1" type="stmt"/>
          <line num="4" count="1" type="stmt"/>
          <line num="12" count="22" type="stmt"/>
          <line num="19" count="22" type="stmt"/>
          <line num="26" count="22" type="stmt"/>
          <line num="34" count="29" type="cond" truecount="2" falsecount="0"/>
          <line num="35" count="11" type="stmt"/>
          <line num="36" count="11" type="stmt"/>
          <line num="38" count="29" type="stmt"/>
          <line num="47" count="9" type="cond" truecount="2" falsecount="0"/>
          <line num="48" count="5" type="stmt"/>
          <line num="49" count="5" type="stmt"/>
          <line num="51" count="9" type="stmt"/>
          <line num="52" count="9" type="stmt"/>
          <line num="53" count="9" type="stmt"/>
          <line num="64" count="18" type="stmt"/>
          <line num="65" count="18" type="stmt"/>
          <line num="66" count="18" type="stmt"/>
          <line num="67" count="18" type="stmt"/>
          <line num="71" count="2" type="stmt"/>
          <line num="75" count="4" type="cond" truecount="1" falsecount="1"/>
          <line num="77" count="4" type="stmt"/>
          <line num="80" count="4" type="stmt"/>
          <line num="83" count="4" type="stmt"/>
          <line num="86" count="2" type="stmt"/>
          <line num="90" count="9" type="stmt"/>
          <line num="91" count="0" type="stmt"/>
          <line num="96" count="33" type="stmt"/>
          <line num="98" count="33" type="stmt"/>
          <line num="99" count="33" type="cond" truecount="1" falsecount="1"/>
          <line num="100" count="0" type="stmt"/>
          <line num="104" count="33" type="cond" truecount="1" falsecount="1"/>
          <line num="105" count="0" type="stmt"/>
          <line num="110" count="0" type="stmt"/>
          <line num="111" count="0" type="stmt"/>
          <line num="116" count="5" type="stmt"/>
          <line num="120" count="29" type="stmt"/>
          <line num="122" count="29" type="stmt"/>
          <line num="123" count="0" type="stmt"/>
          <line num="125" count="0" type="cond" truecount="0" falsecount="2"/>
          <line num="126" count="0" type="stmt"/>
          <line num="127" count="0" type="stmt"/>
          <line num="131" count="29" type="cond" truecount="2" falsecount="2"/>
          <line num="133" count="0" type="stmt"/>
          <line num="138" count="29" type="stmt"/>
          <line num="143" count="1" type="stmt"/>
        </file>
        <file name="CircuitNode.ts" path="/Users/e070910/Documents/aristotle/packages/logic-circuit/src/base/CircuitNode.ts">
          <metrics statements="29" coveredstatements="13" conditionals="4" coveredconditionals="0" methods="13" coveredmethods="4"/>
          <line num="2" count="1" type="stmt"/>
          <line num="6" count="38" type="stmt"/>
          <line num="8" count="38" type="stmt"/>
          <line num="10" count="38" type="stmt"/>
          <line num="14" count="38" type="stmt"/>
          <line num="16" count="38" type="stmt"/>
          <line num="18" count="38" type="stmt"/>
          <line num="21" count="38" type="stmt"/>
          <line num="25" count="0" type="stmt"/>
          <line num="29" count="0" type="stmt"/>
          <line num="30" count="0" type="stmt"/>
          <line num="35" count="8" type="stmt"/>
          <line num="37" count="16" type="stmt"/>
          <line num="42" count="4" type="stmt"/>
          <line num="43" count="4" type="stmt"/>
          <line num="47" count="0" type="cond" truecount="0" falsecount="2"/>
          <line num="48" count="0" type="stmt"/>
          <line num="49" count="0" type="stmt"/>
          <line num="50" count="0" type="stmt"/>
          <line num="51" count="0" type="stmt"/>
          <line num="53" count="0" type="stmt"/>
          <line num="55" count="0" type="stmt"/>
          <line num="59" count="0" type="stmt"/>
          <line num="63" count="0" type="stmt"/>
          <line num="64" count="0" type="cond" truecount="0" falsecount="2"/>
          <line num="65" count="0" type="stmt"/>
          <line num="71" count="0" type="stmt"/>
          <line num="72" count="0" type="stmt"/>
          <line num="77" count="1" type="stmt"/>
        </file>
        <file name="InputNode.ts" path="/Users/e070910/Documents/aristotle/packages/logic-circuit/src/base/InputNode.ts">
          <metrics statements="6" coveredstatements="4" conditionals="0" coveredconditionals="0" methods="4" coveredmethods="2"/>
          <line num="1" count="1" type="stmt"/>
          <line num="2" count="1" type="stmt"/>
          <line num="5" count="16" type="stmt"/>
          <line num="8" count="0" type="stmt"/>
          <line num="9" count="0" type="stmt"/>
          <line num="17" count="1" type="stmt"/>
        </file>
      </package>
      <package name="gates">
        <metrics statements="17" coveredstatements="10" conditionals="8" coveredconditionals="2" methods="3" coveredmethods="2"/>
        <file name="Nor.ts" path="/Users/e070910/Documents/aristotle/packages/logic-circuit/src/gates/Nor.ts">
          <metrics statements="8" coveredstatements="6" conditionals="4" coveredconditionals="2" methods="1" coveredmethods="1"/>
          <line num="1" count="1" type="stmt"/>
          <line num="2" count="1" type="stmt"/>
          <line num="16" count="4" type="cond" truecount="1" falsecount="1"/>
          <line num="17" count="0" type="stmt"/>
          <line num="20" count="4" type="cond" truecount="1" falsecount="1"/>
          <line num="21" count="4" type="stmt"/>
          <line num="24" count="0" type="stmt"/>
          <line num="28" count="1" type="stmt"/>
        </file>
        <file name="Or.ts" path="/Users/e070910/Documents/aristotle/packages/logic-circuit/src/gates/Or.ts">
          <metrics statements="9" coveredstatements="4" conditionals="4" coveredconditionals="0" methods="2" coveredmethods="1"/>
          <line num="1" count="1" type="stmt"/>
          <line num="2" count="1" type="stmt"/>
          <line num="5" count="22" type="stmt"/>
          <line num="8" count="0" type="cond" truecount="0" falsecount="2"/>
          <line num="9" count="0" type="stmt"/>
          <line num="12" count="0" type="cond" truecount="0" falsecount="2"/>
          <line num="13" count="0" type="stmt"/>
          <line num="16" count="0" type="stmt"/>
          <line num="20" count="1" type="stmt"/>
        </file>
      </package>
      <package name="types">
        <metrics statements="5" coveredstatements="5" conditionals="0" coveredconditionals="0" methods="1" coveredmethods="1"/>
        <file name="Connection.ts" path="/Users/e070910/Documents/aristotle/packages/logic-circuit/src/types/Connection.ts">
          <metrics statements="3" coveredstatements="3" conditionals="0" coveredconditionals="0" methods="1" coveredmethods="1"/>
          <line num="8" count="18" type="stmt"/>
          <line num="9" count="18" type="stmt"/>
          <line num="13" count="1" type="stmt"/>
        </file>
        <file name="LogicValue.ts" path="/Users/e070910/Documents/aristotle/packages/logic-circuit/src/types/LogicValue.ts">
          <metrics statements="2" coveredstatements="2" conditionals="0" coveredconditionals="0" methods="0" coveredmethods="0"/>
          <line num="1" count="1" type="stmt"/>
          <line num="7" count="1" type="stmt"/>
        </file>
      </package>
    </metrics>
  </project>
</coverage>
