{"/Users/e070910/Documents/aristotle/packages/logic-circuit/src/base/Circuit.ts": {"path":"/Users/e070910/Documents/aristotle/packages/logic-circuit/src/base/Circuit.ts","statementMap":{"0":{"start":{"line":2,"column":0},"end":{"line":2,"column":40}},"1":{"start":{"line":3,"column":0},"end":{"line":3,"column":43}},"2":{"start":{"line":4,"column":0},"end":{"line":4,"column":43}},"3":{"start":{"line":12,"column":9},"end":{"line":12,"column":39}},"4":{"start":{"line":19,"column":9},"end":{"line":19,"column":39}},"5":{"start":{"line":26,"column":9},"end":{"line":26,"column":38}},"6":{"start":{"line":34,"column":4},"end":{"line":37,"column":5}},"7":{"start":{"line":35,"column":6},"end":{"line":35,"column":28}},"8":{"start":{"line":36,"column":6},"end":{"line":36,"column":30}},"9":{"start":{"line":38,"column":4},"end":{"line":38,"column":25}},"10":{"start":{"line":47,"column":4},"end":{"line":50,"column":5}},"11":{"start":{"line":48,"column":6},"end":{"line":48,"column":54}},"12":{"start":{"line":49,"column":6},"end":{"line":49,"column":18}},"13":{"start":{"line":51,"column":4},"end":{"line":51,"column":50}},"14":{"start":{"line":52,"column":4},"end":{"line":52,"column":32}},"15":{"start":{"line":53,"column":4},"end":{"line":53,"column":15}},"16":{"start":{"line":64,"column":4},"end":{"line":64,"column":60}},"17":{"start":{"line":65,"column":4},"end":{"line":65,"column":37}},"18":{"start":{"line":66,"column":4},"end":{"line":66,"column":30}},"19":{"start":{"line":67,"column":4},"end":{"line":67,"column":15}},"20":{"start":{"line":71,"column":4},"end":{"line":85,"column":8}},"21":{"start":{"line":75,"column":8},"end":{"line":84,"column":9}},"22":{"start":{"line":77,"column":10},"end":{"line":77,"column":54}},"23":{"start":{"line":80,"column":10},"end":{"line":80,"column":47}},"24":{"start":{"line":83,"column":10},"end":{"line":83,"column":34}},"25":{"start":{"line":86,"column":4},"end":{"line":86,"column":15}},"26":{"start":{"line":90,"column":4},"end":{"line":92,"column":5}},"27":{"start":{"line":91,"column":6},"end":{"line":91,"column":38}},"28":{"start":{"line":96,"column":25},"end":{"line":96,"column":52}},"29":{"start":{"line":98,"column":4},"end":{"line":102,"column":6}},"30":{"start":{"line":99,"column":6},"end":{"line":101,"column":7}},"31":{"start":{"line":100,"column":8},"end":{"line":100,"column":29}},"32":{"start":{"line":104,"column":4},"end":{"line":106,"column":5}},"33":{"start":{"line":105,"column":6},"end":{"line":105,"column":40}},"34":{"start":{"line":110,"column":4},"end":{"line":112,"column":6}},"35":{"start":{"line":111,"column":6},"end":{"line":111,"column":46}},"36":{"start":{"line":116,"column":4},"end":{"line":116,"column":46}},"37":{"start":{"line":116,"column":33},"end":{"line":116,"column":45}},"38":{"start":{"line":120,"column":25},"end":{"line":120,"column":30}},"39":{"start":{"line":122,"column":4},"end":{"line":129,"column":6}},"40":{"start":{"line":123,"column":6},"end":{"line":123,"column":46}},"41":{"start":{"line":125,"column":6},"end":{"line":128,"column":7}},"42":{"start":{"line":126,"column":8},"end":{"line":126,"column":29}},"43":{"start":{"line":127,"column":8},"end":{"line":127,"column":35}},"44":{"start":{"line":131,"column":4},"end":{"line":134,"column":5}},"45":{"start":{"line":133,"column":6},"end":{"line":133,"column":24}},"46":{"start":{"line":138,"column":4},"end":{"line":138,"column":34}},"47":{"start":{"line":143,"column":0},"end":{"line":143,"column":22}}},"fnMap":{"0":{"name":"(anonymous_0)","decl":{"start":{"line":6,"column":0},"end":{"line":null,"column":-1}},"loc":{"start":{"line":6,"column":0},"end":{"line":140,"column":1}}},"1":{"name":"(anonymous_1)","decl":{"start":{"line":33,"column":9},"end":{"line":33,"column":15}},"loc":{"start":{"line":33,"column":35},"end":{"line":39,"column":3}}},"2":{"name":"(anonymous_2)","decl":{"start":{"line":46,"column":9},"end":{"line":46,"column":18}},"loc":{"start":{"line":46,"column":38},"end":{"line":54,"column":3}}},"3":{"name":"(anonymous_3)","decl":{"start":{"line":63,"column":2},"end":{"line":63,"column":14}},"loc":{"start":{"line":63,"column":78},"end":{"line":68,"column":3}}},"4":{"name":"(anonymous_4)","decl":{"start":{"line":70,"column":2},"end":{"line":70,"column":17}},"loc":{"start":{"line":70,"column":60},"end":{"line":87,"column":3}}},"5":{"name":"(anonymous_5)","decl":{"start":{"line":74,"column":15},"end":{"line":74,"column":16}},"loc":{"start":{"line":74,"column":60},"end":{"line":85,"column":7}}},"6":{"name":"(anonymous_6)","decl":{"start":{"line":89,"column":2},"end":{"line":89,"column":18}},"loc":{"start":{"line":89,"column":40},"end":{"line":93,"column":3}}},"7":{"name":"(anonymous_7)","decl":{"start":{"line":95,"column":2},"end":{"line":95,"column":12}},"loc":{"start":{"line":95,"column":69},"end":{"line":107,"column":3}}},"8":{"name":"(anonymous_8)","decl":{"start":{"line":98,"column":18},"end":{"line":98,"column":19}},"loc":{"start":{"line":98,"column":27},"end":{"line":102,"column":5}}},"9":{"name":"(anonymous_9)","decl":{"start":{"line":109,"column":2},"end":{"line":109,"column":6}},"loc":{"start":{"line":109,"column":7},"end":{"line":113,"column":3}}},"10":{"name":"(anonymous_10)","decl":{"start":{"line":110,"column":23},"end":{"line":110,"column":24}},"loc":{"start":{"line":110,"column":53},"end":{"line":112,"column":5}}},"11":{"name":"(anonymous_11)","decl":{"start":{"line":115,"column":2},"end":{"line":115,"column":6}},"loc":{"start":{"line":115,"column":7},"end":{"line":117,"column":3}}},"12":{"name":"(anonymous_12)","decl":{"start":{"line":116,"column":23},"end":{"line":116,"column":24}},"loc":{"start":{"line":116,"column":33},"end":{"line":116,"column":45}}},"13":{"name":"(anonymous_13)","decl":{"start":{"line":119,"column":2},"end":{"line":119,"column":5}},"loc":{"start":{"line":119,"column":6},"end":{"line":135,"column":3}}},"14":{"name":"(anonymous_14)","decl":{"start":{"line":122,"column":23},"end":{"line":122,"column":24}},"loc":{"start":{"line":122,"column":32},"end":{"line":129,"column":5}}},"15":{"name":"(anonymous_15)","decl":{"start":{"line":137,"column":2},"end":{"line":137,"column":11}},"loc":{"start":{"line":137,"column":12},"end":{"line":139,"column":3}}}},"branchMap":{"0":{"loc":{"start":{"line":34,"column":4},"end":{"line":37,"column":5}},"type":"if","locations":[{"start":{"line":34,"column":4},"end":{"line":37,"column":5}},{"start":{"line":34,"column":4},"end":{"line":37,"column":5}}]},"1":{"loc":{"start":{"line":47,"column":4},"end":{"line":50,"column":5}},"type":"if","locations":[{"start":{"line":47,"column":4},"end":{"line":50,"column":5}},{"start":{"line":47,"column":4},"end":{"line":50,"column":5}}]},"2":{"loc":{"start":{"line":75,"column":8},"end":{"line":84,"column":9}},"type":"if","locations":[{"start":{"line":75,"column":8},"end":{"line":84,"column":9}},{"start":{"line":75,"column":8},"end":{"line":84,"column":9}}]},"3":{"loc":{"start":{"line":95,"column":65},"end":{"line":95,"column":69}},"type":"default-arg","locations":[{"start":{"line":95,"column":65},"end":{"line":95,"column":69}}]},"4":{"loc":{"start":{"line":99,"column":6},"end":{"line":101,"column":7}},"type":"if","locations":[{"start":{"line":99,"column":6},"end":{"line":101,"column":7}},{"start":{"line":99,"column":6},"end":{"line":101,"column":7}}]},"5":{"loc":{"start":{"line":104,"column":4},"end":{"line":106,"column":5}},"type":"if","locations":[{"start":{"line":104,"column":4},"end":{"line":106,"column":5}},{"start":{"line":104,"column":4},"end":{"line":106,"column":5}}]},"6":{"loc":{"start":{"line":125,"column":6},"end":{"line":128,"column":7}},"type":"if","locations":[{"start":{"line":125,"column":6},"end":{"line":128,"column":7}},{"start":{"line":125,"column":6},"end":{"line":128,"column":7}}]},"7":{"loc":{"start":{"line":131,"column":4},"end":{"line":134,"column":5}},"type":"if","locations":[{"start":{"line":131,"column":4},"end":{"line":134,"column":5}},{"start":{"line":131,"column":4},"end":{"line":134,"column":5}}]},"8":{"loc":{"start":{"line":131,"column":8},"end":{"line":131,"column":26}},"type":"binary-expr","locations":[{"start":{"line":131,"column":8},"end":{"line":131,"column":26}},{"start":{"line":131,"column":30},"end":{"line":131,"column":45}}]}},"s":{"0":1,"1":1,"2":1,"3":22,"4":22,"5":22,"6":29,"7":11,"8":11,"9":29,"10":9,"11":5,"12":5,"13":9,"14":9,"15":9,"16":18,"17":18,"18":18,"19":18,"20":2,"21":4,"22":4,"23":4,"24":4,"25":2,"26":9,"27":0,"28":33,"29":33,"30":33,"31":0,"32":33,"33":0,"34":0,"35":0,"36":5,"37":5,"38":29,"39":29,"40":0,"41":0,"42":0,"43":0,"44":29,"45":0,"46":29,"47":1},"f":{"0":22,"1":29,"2":9,"3":18,"4":2,"5":4,"6":9,"7":33,"8":33,"9":0,"10":0,"11":5,"12":5,"13":29,"14":0,"15":29},"b":{"0":[11,18],"1":[5,4],"2":[4,0],"3":[33],"4":[0,33],"5":[0,33],"6":[0,0],"7":[0,29],"8":[29,0]}}
,"/Users/e070910/Documents/aristotle/packages/logic-circuit/src/base/CircuitNode.ts": {"path":"/Users/e070910/Documents/aristotle/packages/logic-circuit/src/base/CircuitNode.ts","statementMap":{"0":{"start":{"line":2,"column":0},"end":{"line":2,"column":43}},"1":{"start":{"line":6,"column":2},"end":{"line":6,"column":33}},"2":{"start":{"line":8,"column":2},"end":{"line":8,"column":33}},"3":{"start":{"line":10,"column":2},"end":{"line":10,"column":33}},"4":{"start":{"line":14,"column":2},"end":{"line":14,"column":36}},"5":{"start":{"line":16,"column":2},"end":{"line":16,"column":39}},"6":{"start":{"line":18,"column":2},"end":{"line":18,"column":63}},"7":{"start":{"line":21,"column":4},"end":{"line":21,"column":20}},"8":{"start":{"line":25,"column":4},"end":{"line":25,"column":21}},"9":{"start":{"line":29,"column":4},"end":{"line":31,"column":6}},"10":{"start":{"line":30,"column":6},"end":{"line":30,"column":34}},"11":{"start":{"line":35,"column":4},"end":{"line":38,"column":13}},"12":{"start":{"line":37,"column":25},"end":{"line":37,"column":42}},"13":{"start":{"line":42,"column":4},"end":{"line":42,"column":35}},"14":{"start":{"line":43,"column":4},"end":{"line":43,"column":31}},"15":{"start":{"line":47,"column":4},"end":{"line":54,"column":5}},"16":{"start":{"line":48,"column":6},"end":{"line":48,"column":32}},"17":{"start":{"line":49,"column":6},"end":{"line":49,"column":32}},"18":{"start":{"line":50,"column":6},"end":{"line":50,"column":39}},"19":{"start":{"line":51,"column":6},"end":{"line":51,"column":47}},"20":{"start":{"line":53,"column":6},"end":{"line":53,"column":49}},"21":{"start":{"line":53,"column":44},"end":{"line":53,"column":48}},"22":{"start":{"line":55,"column":4},"end":{"line":55,"column":13}},"23":{"start":{"line":59,"column":4},"end":{"line":59,"column":45}},"24":{"start":{"line":63,"column":4},"end":{"line":67,"column":6}},"25":{"start":{"line":64,"column":6},"end":{"line":66,"column":7}},"26":{"start":{"line":65,"column":8},"end":{"line":65,"column":29}},"27":{"start":{"line":71,"column":4},"end":{"line":71,"column":35}},"28":{"start":{"line":72,"column":4},"end":{"line":72,"column":38}},"29":{"start":{"line":77,"column":0},"end":{"line":77,"column":26}}},"fnMap":{"0":{"name":"(anonymous_0)","decl":{"start":{"line":20,"column":2},"end":{"line":20,"column":14}},"loc":{"start":{"line":20,"column":19},"end":{"line":22,"column":3}}},"1":{"name":"(anonymous_1)","decl":{"start":{"line":24,"column":12},"end":{"line":24,"column":15}},"loc":{"start":{"line":24,"column":16},"end":{"line":26,"column":3}}},"2":{"name":"(anonymous_2)","decl":{"start":{"line":28,"column":2},"end":{"line":28,"column":14}},"loc":{"start":{"line":28,"column":33},"end":{"line":32,"column":3}}},"3":{"name":"(anonymous_3)","decl":{"start":{"line":29,"column":25},"end":{"line":29,"column":26}},"loc":{"start":{"line":29,"column":57},"end":{"line":31,"column":5}}},"4":{"name":"(anonymous_4)","decl":{"start":{"line":34,"column":12},"end":{"line":34,"column":21}},"loc":{"start":{"line":34,"column":39},"end":{"line":39,"column":3}}},"5":{"name":"(anonymous_5)","decl":{"start":{"line":37,"column":14},"end":{"line":37,"column":15}},"loc":{"start":{"line":37,"column":25},"end":{"line":37,"column":42}}},"6":{"name":"(anonymous_6)","decl":{"start":{"line":41,"column":2},"end":{"line":41,"column":7}},"loc":{"start":{"line":41,"column":38},"end":{"line":44,"column":3}}},"7":{"name":"(anonymous_7)","decl":{"start":{"line":46,"column":2},"end":{"line":46,"column":10}},"loc":{"start":{"line":46,"column":11},"end":{"line":56,"column":3}}},"8":{"name":"(anonymous_8)","decl":{"start":{"line":53,"column":30},"end":{"line":53,"column":31}},"loc":{"start":{"line":53,"column":44},"end":{"line":53,"column":48}}},"9":{"name":"(anonymous_9)","decl":{"start":{"line":58,"column":2},"end":{"line":58,"column":3}},"loc":{"start":{"line":58,"column":43},"end":{"line":60,"column":3}}},"10":{"name":"(anonymous_10)","decl":{"start":{"line":62,"column":2},"end":{"line":62,"column":12}},"loc":{"start":{"line":62,"column":47},"end":{"line":68,"column":3}}},"11":{"name":"(anonymous_11)","decl":{"start":{"line":63,"column":24},"end":{"line":63,"column":25}},"loc":{"start":{"line":63,"column":34},"end":{"line":67,"column":5}}},"12":{"name":"(anonymous_12)","decl":{"start":{"line":70,"column":2},"end":{"line":70,"column":6}},"loc":{"start":{"line":70,"column":7},"end":{"line":73,"column":3}}}},"branchMap":{"0":{"loc":{"start":{"line":47,"column":4},"end":{"line":54,"column":5}},"type":"if","locations":[{"start":{"line":47,"column":4},"end":{"line":54,"column":5}},{"start":{"line":47,"column":4},"end":{"line":54,"column":5}}]},"1":{"loc":{"start":{"line":64,"column":6},"end":{"line":66,"column":7}},"type":"if","locations":[{"start":{"line":64,"column":6},"end":{"line":66,"column":7}},{"start":{"line":64,"column":6},"end":{"line":66,"column":7}}]}},"s":{"0":1,"1":38,"2":38,"3":38,"4":38,"5":38,"6":38,"7":38,"8":0,"9":0,"10":0,"11":8,"12":16,"13":4,"14":4,"15":0,"16":0,"17":0,"18":0,"19":0,"20":0,"21":0,"22":0,"23":0,"24":0,"25":0,"26":0,"27":0,"28":0,"29":1},"f":{"0":38,"1":0,"2":0,"3":0,"4":8,"5":16,"6":4,"7":0,"8":0,"9":0,"10":0,"11":0,"12":0},"b":{"0":[0,0],"1":[0,0]}}
,"/Users/e070910/Documents/aristotle/packages/logic-circuit/src/base/InputNode.ts": {"path":"/Users/e070910/Documents/aristotle/packages/logic-circuit/src/base/InputNode.ts","statementMap":{"0":{"start":{"line":1,"column":0},"end":{"line":1,"column":38}},"1":{"start":{"line":2,"column":0},"end":{"line":2,"column":43}},"2":{"start":{"line":5,"column":2},"end":{"line":5,"column":36}},"3":{"start":{"line":8,"column":4},"end":{"line":8,"column":25}},"4":{"start":{"line":9,"column":4},"end":{"line":9,"column":27}},"5":{"start":{"line":9,"column":22},"end":{"line":9,"column":27}},"6":{"start":{"line":17,"column":0},"end":{"line":17,"column":24}}},"fnMap":{"0":{"name":"(anonymous_0)","decl":{"start":{"line":4,"column":0},"end":{"line":null,"column":-1}},"loc":{"start":{"line":4,"column":0},"end":{"line":15,"column":1}}},"1":{"name":"(anonymous_1)","decl":{"start":{"line":7,"column":2},"end":{"line":7,"column":9}},"loc":{"start":{"line":7,"column":17},"end":{"line":10,"column":3}}},"2":{"name":"(anonymous_2)","decl":{"start":{"line":9,"column":16},"end":{"line":9,"column":18}},"loc":{"start":{"line":9,"column":22},"end":{"line":9,"column":27}}},"3":{"name":"(anonymous_3)","decl":{"start":{"line":12,"column":2},"end":{"line":12,"column":6}},"loc":{"start":{"line":12,"column":7},"end":{"line":14,"column":3}}}},"branchMap":{},"s":{"0":1,"1":1,"2":16,"3":0,"4":0,"5":0,"6":1},"f":{"0":16,"1":0,"2":0,"3":5},"b":{}}
,"/Users/e070910/Documents/aristotle/packages/logic-circuit/src/gates/Nor.ts": {"path":"/Users/e070910/Documents/aristotle/packages/logic-circuit/src/gates/Nor.ts","statementMap":{"0":{"start":{"line":1,"column":0},"end":{"line":1,"column":20}},"1":{"start":{"line":2,"column":0},"end":{"line":2,"column":43}},"2":{"start":{"line":16,"column":4},"end":{"line":18,"column":5}},"3":{"start":{"line":17,"column":6},"end":{"line":17,"column":29}},"4":{"start":{"line":20,"column":4},"end":{"line":22,"column":5}},"5":{"start":{"line":21,"column":6},"end":{"line":21,"column":31}},"6":{"start":{"line":24,"column":4},"end":{"line":24,"column":26}},"7":{"start":{"line":28,"column":0},"end":{"line":28,"column":18}}},"fnMap":{"0":{"name":"(anonymous_0)","decl":{"start":{"line":15,"column":12},"end":{"line":15,"column":15}},"loc":{"start":{"line":15,"column":16},"end":{"line":25,"column":3}}}},"branchMap":{"0":{"loc":{"start":{"line":16,"column":4},"end":{"line":18,"column":5}},"type":"if","locations":[{"start":{"line":16,"column":4},"end":{"line":18,"column":5}},{"start":{"line":16,"column":4},"end":{"line":18,"column":5}}]},"1":{"loc":{"start":{"line":20,"column":4},"end":{"line":22,"column":5}},"type":"if","locations":[{"start":{"line":20,"column":4},"end":{"line":22,"column":5}},{"start":{"line":20,"column":4},"end":{"line":22,"column":5}}]}},"s":{"0":1,"1":1,"2":4,"3":0,"4":4,"5":4,"6":0,"7":1},"f":{"0":4},"b":{"0":[0,4],"1":[4,0]}}
,"/Users/e070910/Documents/aristotle/packages/logic-circuit/src/gates/Or.ts": {"path":"/Users/e070910/Documents/aristotle/packages/logic-circuit/src/gates/Or.ts","statementMap":{"0":{"start":{"line":1,"column":0},"end":{"line":1,"column":44}},"1":{"start":{"line":2,"column":0},"end":{"line":2,"column":43}},"2":{"start":{"line":5,"column":2},"end":{"line":5,"column":56}},"3":{"start":{"line":8,"column":4},"end":{"line":10,"column":5}},"4":{"start":{"line":9,"column":6},"end":{"line":9,"column":28}},"5":{"start":{"line":12,"column":4},"end":{"line":14,"column":5}},"6":{"start":{"line":13,"column":6},"end":{"line":13,"column":31}},"7":{"start":{"line":16,"column":4},"end":{"line":16,"column":27}},"8":{"start":{"line":20,"column":0},"end":{"line":20,"column":17}}},"fnMap":{"0":{"name":"(anonymous_0)","decl":{"start":{"line":4,"column":0},"end":{"line":null,"column":-1}},"loc":{"start":{"line":4,"column":0},"end":{"line":18,"column":1}}},"1":{"name":"(anonymous_1)","decl":{"start":{"line":7,"column":12},"end":{"line":7,"column":15}},"loc":{"start":{"line":7,"column":16},"end":{"line":17,"column":3}}}},"branchMap":{"0":{"loc":{"start":{"line":8,"column":4},"end":{"line":10,"column":5}},"type":"if","locations":[{"start":{"line":8,"column":4},"end":{"line":10,"column":5}},{"start":{"line":8,"column":4},"end":{"line":10,"column":5}}]},"1":{"loc":{"start":{"line":12,"column":4},"end":{"line":14,"column":5}},"type":"if","locations":[{"start":{"line":12,"column":4},"end":{"line":14,"column":5}},{"start":{"line":12,"column":4},"end":{"line":14,"column":5}}]}},"s":{"0":1,"1":1,"2":22,"3":0,"4":0,"5":0,"6":0,"7":0,"8":1},"f":{"0":22,"1":0},"b":{"0":[0,0],"1":[0,0]}}
,"/Users/e070910/Documents/aristotle/packages/logic-circuit/src/types/Connection.ts": {"path":"/Users/e070910/Documents/aristotle/packages/logic-circuit/src/types/Connection.ts","statementMap":{"0":{"start":{"line":8,"column":4},"end":{"line":8,"column":20}},"1":{"start":{"line":9,"column":4},"end":{"line":9,"column":22}},"2":{"start":{"line":13,"column":0},"end":{"line":13,"column":25}}},"fnMap":{"0":{"name":"(anonymous_0)","decl":{"start":{"line":7,"column":2},"end":{"line":7,"column":14}},"loc":{"start":{"line":7,"column":26},"end":{"line":10,"column":3}}}},"branchMap":{},"s":{"0":18,"1":18,"2":1},"f":{"0":18},"b":{}}
,"/Users/e070910/Documents/aristotle/packages/logic-circuit/src/types/LogicValue.ts": {"path":"/Users/e070910/Documents/aristotle/packages/logic-circuit/src/types/LogicValue.ts","statementMap":{"0":{"start":{"line":1,"column":19},"end":{"line":5,"column":1}},"1":{"start":{"line":7,"column":0},"end":{"line":7,"column":25}}},"fnMap":{},"branchMap":{},"s":{"0":1,"1":1},"f":{},"b":{}}
}
