TN:
SF:/Users/e070910/Documents/aristotle/packages/logic-circuit/src/base/Circuit.ts
FN:6,(anonymous_0)
FN:33,(anonymous_1)
FN:46,(anonymous_2)
FN:63,(anonymous_3)
FN:70,(anonymous_4)
FN:74,(anonymous_5)
FN:89,(anonymous_6)
FN:95,(anonymous_7)
FN:98,(anonymous_8)
FN:109,(anonymous_9)
FN:110,(anonymous_10)
FN:115,(anonymous_11)
FN:116,(anonymous_12)
FN:119,(anonymous_13)
FN:122,(anonymous_14)
FN:137,(anonymous_15)
FNF:16
FNH:13
FNDA:22,(anonymous_0)
FNDA:29,(anonymous_1)
FNDA:9,(anonymous_2)
FNDA:18,(anonymous_3)
FNDA:2,(anonymous_4)
FNDA:4,(anonymous_5)
FNDA:9,(anonymous_6)
FNDA:33,(anonymous_7)
FNDA:33,(anonymous_8)
FNDA:0,(anonymous_9)
FNDA:0,(anonymous_10)
FNDA:5,(anonymous_11)
FNDA:5,(anonymous_12)
FNDA:29,(anonymous_13)
FNDA:0,(anonymous_14)
FNDA:29,(anonymous_15)
DA:2,1
DA:3,1
DA:4,1
DA:12,22
DA:19,22
DA:26,22
DA:34,29
DA:35,11
DA:36,11
DA:38,29
DA:47,9
DA:48,5
DA:49,5
DA:51,9
DA:52,9
DA:53,9
DA:64,18
DA:65,18
DA:66,18
DA:67,18
DA:71,2
DA:75,4
DA:77,4
DA:80,4
DA:83,4
DA:86,2
DA:90,9
DA:91,0
DA:96,33
DA:98,33
DA:99,33
DA:100,0
DA:104,33
DA:105,0
DA:110,0
DA:111,0
DA:116,5
DA:120,29
DA:122,29
DA:123,0
DA:125,0
DA:126,0
DA:127,0
DA:131,29
DA:133,0
DA:138,29
DA:143,1
LF:47
LH:37
BRDA:34,0,0,11
BRDA:34,0,1,18
BRDA:47,1,0,5
BRDA:47,1,1,4
BRDA:75,2,0,4
BRDA:75,2,1,0
BRDA:95,3,0,33
BRDA:99,4,0,0
BRDA:99,4,1,33
BRDA:104,5,0,0
BRDA:104,5,1,33
BRDA:125,6,0,0
BRDA:125,6,1,0
BRDA:131,7,0,0
BRDA:131,7,1,29
BRDA:131,8,0,29
BRDA:131,8,1,0
BRF:17
BRH:10
end_of_record
TN:
SF:/Users/e070910/Documents/aristotle/packages/logic-circuit/src/base/CircuitNode.ts
FN:20,(anonymous_0)
FN:24,(anonymous_1)
FN:28,(anonymous_2)
FN:29,(anonymous_3)
FN:34,(anonymous_4)
FN:37,(anonymous_5)
FN:41,(anonymous_6)
FN:46,(anonymous_7)
FN:53,(anonymous_8)
FN:58,(anonymous_9)
FN:62,(anonymous_10)
FN:63,(anonymous_11)
FN:70,(anonymous_12)
FNF:13
FNH:4
FNDA:38,(anonymous_0)
FNDA:0,(anonymous_1)
FNDA:0,(anonymous_2)
FNDA:0,(anonymous_3)
FNDA:8,(anonymous_4)
FNDA:16,(anonymous_5)
FNDA:4,(anonymous_6)
FNDA:0,(anonymous_7)
FNDA:0,(anonymous_8)
FNDA:0,(anonymous_9)
FNDA:0,(anonymous_10)
FNDA:0,(anonymous_11)
FNDA:0,(anonymous_12)
DA:2,1
DA:6,38
DA:8,38
DA:10,38
DA:14,38
DA:16,38
DA:18,38
DA:21,38
DA:25,0
DA:29,0
DA:30,0
DA:35,8
DA:37,16
DA:42,4
DA:43,4
DA:47,0
DA:48,0
DA:49,0
DA:50,0
DA:51,0
DA:53,0
DA:55,0
DA:59,0
DA:63,0
DA:64,0
DA:65,0
DA:71,0
DA:72,0
DA:77,1
LF:29
LH:13
BRDA:47,0,0,0
BRDA:47,0,1,0
BRDA:64,1,0,0
BRDA:64,1,1,0
BRF:4
BRH:0
end_of_record
TN:
SF:/Users/e070910/Documents/aristotle/packages/logic-circuit/src/base/InputNode.ts
FN:4,(anonymous_0)
FN:7,(anonymous_1)
FN:9,(anonymous_2)
FN:12,(anonymous_3)
FNF:4
FNH:2
FNDA:16,(anonymous_0)
FNDA:0,(anonymous_1)
FNDA:0,(anonymous_2)
FNDA:5,(anonymous_3)
DA:1,1
DA:2,1
DA:5,16
DA:8,0
DA:9,0
DA:17,1
LF:6
LH:4
BRF:0
BRH:0
end_of_record
TN:
SF:/Users/e070910/Documents/aristotle/packages/logic-circuit/src/gates/Nor.ts
FN:15,(anonymous_0)
FNF:1
FNH:1
FNDA:4,(anonymous_0)
DA:1,1
DA:2,1
DA:16,4
DA:17,0
DA:20,4
DA:21,4
DA:24,0
DA:28,1
LF:8
LH:6
BRDA:16,0,0,0
BRDA:16,0,1,4
BRDA:20,1,0,4
BRDA:20,1,1,0
BRF:4
BRH:2
end_of_record
TN:
SF:/Users/e070910/Documents/aristotle/packages/logic-circuit/src/gates/Or.ts
FN:4,(anonymous_0)
FN:7,(anonymous_1)
FNF:2
FNH:1
FNDA:22,(anonymous_0)
FNDA:0,(anonymous_1)
DA:1,1
DA:2,1
DA:5,22
DA:8,0
DA:9,0
DA:12,0
DA:13,0
DA:16,0
DA:20,1
LF:9
LH:4
BRDA:8,0,0,0
BRDA:8,0,1,0
BRDA:12,1,0,0
BRDA:12,1,1,0
BRF:4
BRH:0
end_of_record
TN:
SF:/Users/e070910/Documents/aristotle/packages/logic-circuit/src/types/Connection.ts
FN:7,(anonymous_0)
FNF:1
FNH:1
FNDA:18,(anonymous_0)
DA:8,18
DA:9,18
DA:13,1
LF:3
LH:3
BRF:0
BRH:0
end_of_record
TN:
SF:/Users/e070910/Documents/aristotle/packages/logic-circuit/src/types/LogicValue.ts
FNF:0
FNH:0
DA:1,1
DA:7,1
LF:2
LH:2
BRF:0
BRH:0
end_of_record
